<?xml version="1.0" encoding="UTF-8" standalone="yes"?><!DOCTYPE report PUBLIC "-//JACOCO//DTD Report 1.1//EN" "report.dtd"><report name="unitTestFinalExam"><sessioninfo id="DESKTOP-QDJB7BE-3a838b0" start="1655837320325" dump="1655837321048"/><sessioninfo id="DESKTOP-QDJB7BE-a2964436" start="1655837398538" dump="1655837399248"/><sessioninfo id="DESKTOP-QDJB7BE-2817749e" start="1655837447874" dump="1655837448577"/><sessioninfo id="DESKTOP-QDJB7BE-2f3a0e66" start="1655837503674" dump="1655837504379"/><sessioninfo id="DESKTOP-QDJB7BE-438e16e8" start="1655837560218" dump="1655837560917"/><sessioninfo id="DESKTOP-QDJB7BE-4ff80aa3" start="1655837827334" dump="1655837828010"/><sessioninfo id="DESKTOP-QDJB7BE-773b936" start="1655838284887" dump="1655838285587"/><sessioninfo id="DESKTOP-QDJB7BE-6b5db984" start="1655838331705" dump="1655838332372"/><package name=""><class name="StringCalculator" sourcefilename="StringCalculator.java"><method name="&lt;init&gt;" desc="()V" line="1"><counter type="INSTRUCTION" missed="3" covered="0"/><counter type="LINE" missed="1" covered="0"/><counter type="COMPLEXITY" missed="1" covered="0"/><counter type="METHOD" missed="1" covered="0"/></method><method name="add" desc="(Ljava/lang/String;)I" line="3"><counter type="INSTRUCTION" missed="0" covered="49"/><counter type="BRANCH" missed="1" covered="7"/><counter type="LINE" missed="0" covered="10"/><counter type="COMPLEXITY" missed="1" covered="4"/><counter type="METHOD" missed="0" covered="1"/></method><counter type="INSTRUCTION" missed="3" covered="49"/><counter type="BRANCH" missed="1" covered="7"/><counter type="LINE" missed="1" covered="10"/><counter type="COMPLEXITY" missed="2" covered="4"/><counter type="METHOD" missed="1" covered="1"/><counter type="CLASS" missed="0" covered="1"/></class><sourcefile name="StringCalculator.java"><line nr="1" mi="3" ci="0" mb="0" cb="0"/><line nr="3" mi="0" ci="2" mb="0" cb="0"/><line nr="4" mi="0" ci="4" mb="0" cb="0"/><line nr="5" mi="0" ci="16" mb="0" cb="2"/><line nr="6" mi="0" ci="4" mb="0" cb="2"/><line nr="7" mi="0" ci="5" mb="0" cb="0"/><line nr="9" mi="0" ci="5" mb="0" cb="2"/><line nr="10" mi="0" ci="1" mb="0" cb="0"/><line nr="12" mi="0" ci="4" mb="1" cb="1"/><line nr="13" mi="0" ci="6" mb="0" cb="0"/><line nr="16" mi="0" ci="2" mb="0" cb="0"/><counter type="INSTRUCTION" missed="3" covered="49"/><counter type="BRANCH" missed="1" covered="7"/><counter type="LINE" missed="1" covered="10"/><counter type="COMPLEXITY" missed="2" covered="4"/><counter type="METHOD" missed="1" covered="1"/><counter type="CLASS" missed="0" covered="1"/></sourcefile><counter type="INSTRUCTION" missed="3" covered="49"/><counter type="BRANCH" missed="1" covered="7"/><counter type="LINE" missed="1" covered="10"/><counter type="COMPLEXITY" missed="2" covered="4"/><counter type="METHOD" missed="1" covered="1"/><counter type="CLASS" missed="0" covered="1"/></package><counter type="INSTRUCTION" missed="3" covered="49"/><counter type="BRANCH" missed="1" covered="7"/><counter type="LINE" missed="1" covered="10"/><counter type="COMPLEXITY" missed="2" covered="4"/><counter type="METHOD" missed="1" covered="1"/><counter type="CLASS" missed="0" covered="1"/></report>