-------------------------------------------------------------------------------
Test set: StringCalculatorTest
-------------------------------------------------------------------------------
Tests run: 2, Failures: 0, Errors: 1, Skipped: 0, Time elapsed: 0.094 s <<< FAILURE! - in StringCalculatorTest
StringCalculatorTest.testOneThousand  Time elapsed: 0.047 s  <<< ERROR!
java.lang.NumberFormatException: For input string: "1, 1000"
	at StringCalculatorTest.testOneThousand(StringCalculatorTest.java:22)

